TN:
SF:/Users/fernando.miras/Documents/designsystem-core/src/polyfills.ts
FNF:0
FNH:0
LF:0
LH:0
BRF:0
BRH:0
end_of_record
TN:
SF:/Users/fernando.miras/Documents/designsystem-core/src/test.ts
FNF:0
FNH:0
DA:13,1
DA:18,1
DA:20,1
LF:3
LH:3
BRF:0
BRH:0
end_of_record
TN:
SF:/Users/fernando.miras/Documents/designsystem-core/src/lib/src/components/accordion/accordion.component.ts
FN:11,(anonymous_2)
FN:19,NGZAccordionComponent
FN:22,(anonymous_4)
FN:26,(anonymous_5)
FNF:4
FNH:4
FNDA:1,(anonymous_2)
FNDA:2,NGZAccordionComponent
FNDA:2,(anonymous_4)
FNDA:1,(anonymous_5)
DA:11,1
DA:12,2
DA:13,2
DA:14,1
DA:15,2
DA:22,1
DA:23,2
DA:26,1
DA:27,1
DA:29,1
LF:10
LH:10
BRF:0
BRH:0
end_of_record
TN:
SF:/Users/fernando.miras/Documents/designsystem-core/src/lib/src/components/avatar/avatar.component.ts
FN:29,(anonymous_2)
FN:24,NGZAvatarComponent
FN:31,(anonymous_4)
FN:80,(anonymous_5)
FNF:4
FNH:4
FNDA:1,(anonymous_2)
FNDA:11,NGZAvatarComponent
FNDA:6,(anonymous_4)
FNDA:12,(anonymous_5)
DA:4,1
DA:12,1
DA:29,1
DA:31,2
DA:32,6
DA:34,2
DA:35,2
DA:36,2
DA:37,2
DA:40,1
DA:41,1
DA:42,1
DA:43,1
DA:46,1
DA:47,1
DA:48,1
DA:49,1
DA:52,1
DA:53,1
DA:54,1
DA:55,1
DA:58,1
DA:59,1
DA:60,1
DA:61,1
DA:66,11
DA:67,1
DA:68,1
DA:70,11
DA:72,11
DA:73,11
DA:77,11
DA:78,11
DA:80,1
DA:81,12
DA:82,12
DA:83,1
DA:86,1
LF:38
LH:38
BRDA:33,0,0,2
BRDA:33,0,1,1
BRDA:33,0,2,1
BRDA:33,0,3,1
BRDA:33,0,4,1
BRDA:82,1,0,1
BRDA:82,1,1,11
BRF:7
BRH:7
end_of_record
TN:
SF:/Users/fernando.miras/Documents/designsystem-core/src/lib/src/components/avatar-pill/avatar-pill.component.ts
FN:9,(anonymous_2)
FN:4,NGZAvatarPillComponent
FN:16,(anonymous_4)
FNF:3
FNH:3
FNDA:1,(anonymous_2)
FNDA:2,NGZAvatarPillComponent
FNDA:2,(anonymous_4)
DA:9,1
DA:11,1
DA:13,2
DA:16,1
DA:18,1
LF:5
LH:5
BRF:0
BRH:0
end_of_record
TN:
SF:/Users/fernando.miras/Documents/designsystem-core/src/lib/src/components/button/button.component.ts
FN:22,(anonymous_2)
FN:71,NGZButtonComponent
FN:35,(anonymous_4)
FN:75,(anonymous_5)
FNF:4
FNH:4
FNDA:1,(anonymous_2)
FNDA:13,NGZButtonComponent
FNDA:9,(anonymous_4)
FNDA:5,(anonymous_5)
DA:4,1
DA:11,1
DA:12,1
DA:13,1
DA:14,1
DA:15,1
DA:22,1
DA:23,1
DA:24,13
DA:25,13
DA:26,1
DA:27,13
DA:28,13
DA:30,13
DA:31,13
DA:33,13
DA:35,2
DA:36,9
DA:38,1
DA:39,1
DA:40,1
DA:41,1
DA:44,1
DA:45,1
DA:46,1
DA:47,1
DA:48,1
DA:51,2
DA:52,2
DA:53,2
DA:54,2
DA:57,1
DA:58,1
DA:59,1
DA:60,1
DA:63,4
DA:64,4
DA:65,4
DA:72,13
DA:75,1
DA:77,5
DA:78,4
DA:81,1
LF:43
LH:43
BRDA:37,0,0,1
BRDA:37,0,1,1
BRDA:37,0,2,2
BRDA:37,0,3,1
BRDA:37,0,4,4
BRDA:77,1,0,4
BRDA:77,1,1,1
BRF:7
BRH:7
end_of_record
TN:
SF:/Users/fernando.miras/Documents/designsystem-core/src/lib/src/components/button/button.module.ts
FN:18,(anonymous_1)
FN:19,(anonymous_3)
FNF:2
FNH:1
FNDA:19,(anonymous_1)
FNDA:0,(anonymous_3)
DA:18,1
DA:19,1
DA:20,0
DA:24,1
LF:4
LH:3
BRF:0
BRH:0
end_of_record
TN:
SF:/Users/fernando.miras/Documents/designsystem-core/src/lib/src/components/card/card.component.ts
FN:9,(anonymous_2)
FN:24,NGZCardComponent
FN:28,(anonymous_4)
FN:32,(anonymous_5)
FNF:4
FNH:4
FNDA:1,(anonymous_2)
FNDA:27,NGZCardComponent
FNDA:27,(anonymous_4)
FNDA:2,(anonymous_5)
DA:9,1
DA:10,1
DA:11,1
DA:13,1
DA:14,1
DA:16,27
DA:17,27
DA:18,27
DA:19,27
DA:20,27
DA:21,27
DA:22,27
DA:24,27
DA:25,27
DA:28,1
DA:29,27
DA:32,1
DA:33,2
DA:34,1
DA:37,1
LF:20
LH:20
BRDA:33,0,0,1
BRDA:33,0,1,1
BRF:2
BRH:2
end_of_record
TN:
SF:/Users/fernando.miras/Documents/designsystem-core/src/lib/src/components/card/card.module.ts
FN:18,(anonymous_1)
FN:19,(anonymous_3)
FNF:2
FNH:1
FNDA:22,(anonymous_1)
FNDA:0,(anonymous_3)
DA:18,1
DA:19,1
DA:20,0
DA:24,1
LF:4
LH:3
BRF:0
BRH:0
end_of_record
TN:
SF:/Users/fernando.miras/Documents/designsystem-core/src/lib/src/components/checkboxs/checkboxs.component.ts
FN:14,(anonymous_2)
FN:4,NGZContainerCheckboxsComponent
FN:19,(anonymous_4)
FN:21,(anonymous_5)
FN:29,(anonymous_6)
FN:41,(anonymous_7)
FN:44,(anonymous_8)
FN:48,(anonymous_9)
FN:67,(anonymous_10)
FN:71,(anonymous_11)
FN:93,(anonymous_12)
FN:97,(anonymous_13)
FN:100,(anonymous_14)
FN:103,(anonymous_15)
FN:10,(anonymous_16)
FNF:15
FNH:14
FNDA:1,(anonymous_2)
FNDA:23,NGZContainerCheckboxsComponent
FNDA:0,(anonymous_4)
FNDA:24,(anonymous_5)
FNDA:1,(anonymous_6)
FNDA:6,(anonymous_7)
FNDA:10,(anonymous_8)
FNDA:10,(anonymous_9)
FNDA:8,(anonymous_10)
FNDA:16,(anonymous_11)
FNDA:1,(anonymous_12)
FNDA:1,(anonymous_13)
FNDA:1,(anonymous_14)
FNDA:2,(anonymous_15)
FNDA:65,(anonymous_16)
DA:10,65
DA:14,1
DA:15,23
DA:16,23
DA:17,23
DA:18,23
DA:19,23
DA:21,1
DA:22,24
DA:23,4
DA:24,2
DA:29,1
DA:31,1
DA:32,1
DA:33,1
DA:34,0
DA:36,1
DA:38,1
DA:41,1
DA:42,6
DA:43,5
DA:44,10
DA:45,5
DA:46,5
DA:48,5
DA:49,10
DA:50,2
DA:54,5
DA:55,3
DA:56,3
DA:57,2
DA:58,0
DA:59,0
DA:61,2
DA:62,2
DA:67,13
DA:68,8
DA:69,8
DA:70,8
DA:71,6
DA:73,16
DA:74,7
DA:75,7
DA:77,7
DA:78,2
DA:80,9
DA:81,2
DA:82,2
DA:84,2
DA:85,1
DA:93,1
DA:94,1
DA:97,1
DA:100,1
DA:103,1
DA:104,2
DA:105,1
DA:108,1
LF:58
LH:55
BRDA:23,0,0,2
BRDA:23,0,1,2
BRDA:33,1,0,0
BRDA:33,1,1,1
BRDA:42,2,0,5
BRDA:42,2,1,1
BRDA:49,3,0,2
BRDA:49,3,1,8
BRDA:54,4,0,3
BRDA:54,4,1,2
BRDA:57,5,0,0
BRDA:57,5,1,2
BRDA:67,6,0,5
BRDA:67,6,1,3
BRDA:68,7,0,5
BRDA:68,7,1,3
BRDA:70,8,0,6
BRDA:70,8,1,2
BRDA:70,9,0,8
BRDA:70,9,1,7
BRDA:73,10,0,7
BRDA:73,10,1,9
BRDA:73,11,0,16
BRDA:73,11,1,12
BRDA:77,12,0,2
BRDA:77,12,1,5
BRDA:77,13,0,7
BRDA:77,13,1,3
BRDA:80,14,0,2
BRDA:80,14,1,7
BRDA:80,15,0,9
BRDA:80,15,1,4
BRDA:84,16,0,1
BRDA:84,16,1,1
BRDA:84,17,0,2
BRDA:84,17,1,2
BRDA:104,18,0,1
BRDA:104,18,1,1
BRF:38
BRH:36
end_of_record
TN:
SF:/Users/fernando.miras/Documents/designsystem-core/src/lib/src/components/checkboxs/checkboxs.module.ts
FN:21,(anonymous_1)
FN:22,(anonymous_3)
FNF:2
FNH:1
FNDA:41,(anonymous_1)
FNDA:0,(anonymous_3)
DA:21,1
DA:22,1
DA:23,0
DA:27,1
LF:4
LH:3
BRF:0
BRH:0
end_of_record
TN:
SF:/Users/fernando.miras/Documents/designsystem-core/src/lib/src/components/checkboxs/index.ts
FNF:0
FNH:0
LF:0
LH:0
BRF:0
BRH:0
end_of_record
TN:
SF:/Users/fernando.miras/Documents/designsystem-core/src/lib/src/components/checkboxs/checkbox/checkbox.component.ts
FN:24,(anonymous_2)
FN:30,NGZCheckboxComponent
FN:28,(anonymous_4)
FN:33,(anonymous_5)
FN:40,(anonymous_6)
FN:53,(anonymous_7)
FN:57,(anonymous_8)
FN:60,(anonymous_9)
FN:63,(anonymous_10)
FN:19,(anonymous_11)
FNF:10
FNH:9
FNDA:1,(anonymous_2)
FNDA:12,NGZCheckboxComponent
FNDA:0,(anonymous_4)
FNDA:2,(anonymous_5)
FNDA:1,(anonymous_6)
FNDA:1,(anonymous_7)
FNDA:1,(anonymous_8)
FNDA:1,(anonymous_9)
FNDA:2,(anonymous_10)
FNDA:65,(anonymous_11)
DA:19,65
DA:24,1
DA:25,12
DA:26,1
DA:27,12
DA:28,12
DA:33,1
DA:34,2
DA:35,1
DA:36,1
DA:40,1
DA:41,1
DA:42,1
DA:43,1
DA:45,0
DA:48,0
DA:53,1
DA:54,1
DA:57,1
DA:60,1
DA:63,1
DA:64,2
DA:65,1
DA:69,1
LF:24
LH:22
BRDA:34,0,0,1
BRDA:34,0,1,1
BRDA:40,1,0,0
BRDA:40,1,1,1
BRDA:41,2,0,1
BRDA:41,2,1,0
BRDA:42,3,0,1
BRDA:42,3,1,0
BRDA:64,4,0,1
BRDA:64,4,1,1
BRF:10
BRH:7
end_of_record
TN:
SF:/Users/fernando.miras/Documents/designsystem-core/src/lib/src/components/chips/chips.component.ts
FN:18,(anonymous_2)
FN:8,NGZContainerChipsComponent
FN:43,(anonymous_4)
FN:23,(anonymous_5)
FN:45,(anonymous_6)
FN:72,(anonymous_7)
FN:74,(anonymous_8)
FN:91,(anonymous_9)
FN:95,(anonymous_10)
FN:98,(anonymous_11)
FN:101,(anonymous_12)
FN:14,(anonymous_13)
FNF:12
FNH:11
FNDA:1,(anonymous_2)
FNDA:18,NGZContainerChipsComponent
FNDA:0,(anonymous_4)
FNDA:3,(anonymous_5)
FNDA:23,(anonymous_6)
FNDA:3,(anonymous_7)
FNDA:6,(anonymous_8)
FNDA:1,(anonymous_9)
FNDA:1,(anonymous_10)
FNDA:1,(anonymous_11)
FNDA:2,(anonymous_12)
FNDA:18,(anonymous_13)
DA:4,1
DA:14,18
DA:18,1
DA:19,18
DA:20,1
DA:21,18
DA:23,2
DA:24,3
DA:26,1
DA:27,1
DA:30,1
DA:31,1
DA:34,1
DA:39,18
DA:40,18
DA:41,18
DA:43,18
DA:45,1
DA:46,23
DA:47,5
DA:49,4
DA:50,3
DA:52,3
DA:53,1
DA:55,2
DA:57,2
DA:58,1
DA:63,4
DA:64,9
DA:65,6
DA:72,3
DA:73,3
DA:74,2
DA:75,6
DA:76,4
DA:80,3
DA:82,3
DA:83,1
DA:84,1
DA:87,2
DA:88,2
DA:91,1
DA:92,1
DA:95,1
DA:98,1
DA:101,1
DA:102,2
DA:103,1
DA:106,1
LF:49
LH:49
BRDA:25,0,0,1
BRDA:25,0,1,1
BRDA:25,0,2,1
BRDA:46,1,0,5
BRDA:46,1,1,18
BRDA:47,2,0,4
BRDA:47,2,1,1
BRDA:49,3,0,3
BRDA:49,3,1,1
BRDA:52,4,0,1
BRDA:52,4,1,2
BRDA:57,5,0,1
BRDA:57,5,1,1
BRDA:64,6,0,6
BRDA:64,6,1,3
BRDA:73,7,0,2
BRDA:73,7,1,1
BRDA:75,8,0,4
BRDA:75,8,1,2
BRDA:82,9,0,1
BRDA:82,9,1,2
BRDA:82,10,0,3
BRDA:82,10,1,1
BRDA:102,11,0,1
BRDA:102,11,1,1
BRF:25
BRH:25
end_of_record
TN:
SF:/Users/fernando.miras/Documents/designsystem-core/src/lib/src/components/chips/chip/chip.component.ts
FN:8,(anonymous_2)
FN:3,NGZChipComponent
FN:15,(anonymous_4)
FNF:3
FNH:3
FNDA:1,(anonymous_2)
FNDA:3,NGZChipComponent
FNDA:2,(anonymous_4)
DA:8,1
DA:9,3
DA:10,1
DA:11,1
DA:12,1
DA:13,3
DA:15,1
DA:16,2
DA:17,2
DA:20,1
LF:10
LH:10
BRDA:16,0,0,1
BRDA:16,0,1,1
BRF:2
BRH:2
end_of_record
TN:
SF:/Users/fernando.miras/Documents/designsystem-core/src/lib/src/components/container-icon/container-icon.component.ts
FN:17,(anonymous_2)
FN:12,NGZContainerIconComponent
FN:31,(anonymous_4)
FN:66,(anonymous_5)
FN:70,(anonymous_6)
FN:80,(anonymous_7)
FNF:6
FNH:5
FNDA:1,(anonymous_2)
FNDA:13,NGZContainerIconComponent
FNDA:6,(anonymous_4)
FNDA:6,(anonymous_5)
FNDA:14,(anonymous_6)
FNDA:0,(anonymous_7)
DA:4,1
DA:17,1
DA:19,1
DA:20,1
DA:21,13
DA:22,13
DA:24,13
DA:25,13
DA:31,2
DA:32,6
DA:34,1
DA:35,1
DA:36,1
DA:39,1
DA:40,1
DA:41,1
DA:44,1
DA:45,1
DA:46,1
DA:49,1
DA:50,1
DA:51,1
DA:54,1
DA:55,1
DA:56,1
DA:59,1
DA:60,1
DA:61,1
DA:66,2
DA:67,6
DA:70,1
DA:71,14
DA:72,1
DA:73,1
DA:75,13
DA:76,13
DA:80,1
DA:81,0
DA:83,1
LF:39
LH:38
BRDA:33,0,0,1
BRDA:33,0,1,1
BRDA:33,0,2,1
BRDA:33,0,3,1
BRDA:33,0,4,1
BRDA:33,0,5,1
BRDA:71,1,0,1
BRDA:71,1,1,13
BRF:8
BRH:8
end_of_record
TN:
SF:/Users/fernando.miras/Documents/designsystem-core/src/lib/src/components/container-icon/container-icon.module.ts
FN:19,(anonymous_1)
FN:20,(anonymous_3)
FNF:2
FNH:1
FNDA:12,(anonymous_1)
FNDA:0,(anonymous_3)
DA:19,1
DA:20,1
DA:21,0
DA:25,1
LF:4
LH:3
BRF:0
BRH:0
end_of_record
TN:
SF:/Users/fernando.miras/Documents/designsystem-core/src/lib/src/components/custom-dialog/services/custom-dialog.service.ts
FN:7,(anonymous_2)
FN:9,NGZCustomDialogService
FN:11,(anonymous_4)
FN:24,(anonymous_5)
FNF:4
FNH:4
FNDA:1,(anonymous_2)
FNDA:4,NGZCustomDialogService
FNDA:3,(anonymous_4)
FNDA:1,(anonymous_5)
DA:7,1
DA:9,4
DA:11,1
DA:12,3
DA:24,1
DA:25,1
DA:27,1
LF:7
LH:7
BRF:0
BRH:0
end_of_record
TN:
SF:/Users/fernando.miras/Documents/designsystem-core/src/lib/src/components/dialog/dialog.component.ts
FN:15,(anonymous_2)
FN:40,NGZDialogComponent
FN:49,(anonymous_4)
FN:68,(anonymous_5)
FN:73,(anonymous_6)
FN:94,(anonymous_7)
FN:107,(anonymous_8)
FN:117,(anonymous_9)
FN:121,(anonymous_10)
FN:127,(anonymous_11)
FN:128,(anonymous_12)
FN:134,(anonymous_13)
FN:140,(anonymous_14)
FNF:13
FNH:10
FNDA:1,(anonymous_2)
FNDA:21,NGZDialogComponent
FNDA:4,(anonymous_4)
FNDA:1,(anonymous_5)
FNDA:1,(anonymous_6)
FNDA:18,(anonymous_7)
FNDA:1,(anonymous_8)
FNDA:9,(anonymous_9)
FNDA:21,(anonymous_10)
FNDA:1,(anonymous_11)
FNDA:0,(anonymous_12)
FNDA:0,(anonymous_13)
FNDA:0,(anonymous_14)
DA:15,1
DA:16,21
DA:17,21
DA:21,21
DA:25,21
DA:26,21
DA:27,21
DA:28,21
DA:29,21
DA:30,21
DA:37,21
DA:41,21
DA:42,21
DA:43,21
DA:44,21
DA:45,21
DA:46,21
DA:49,1
DA:50,4
DA:51,4
DA:52,4
DA:53,4
DA:54,4
DA:55,4
DA:56,4
DA:58,4
DA:59,3
DA:62,4
DA:63,1
DA:68,1
DA:69,1
DA:70,1
DA:73,1
DA:75,1
DA:76,1
DA:77,1
DA:78,1
DA:79,1
DA:80,1
DA:81,1
DA:83,1
DA:84,1
DA:85,1
DA:86,1
DA:88,1
DA:89,1
DA:91,1
DA:94,1
DA:95,18
DA:96,10
DA:97,10
DA:100,8
DA:101,8
DA:102,8
DA:107,1
DA:108,1
DA:109,1
DA:110,0
DA:112,1
DA:113,1
DA:117,1
DA:118,9
DA:121,1
DA:122,21
DA:123,0
DA:127,1
DA:128,1
DA:129,0
DA:130,0
DA:134,1
DA:135,0
DA:136,0
DA:140,1
DA:141,0
DA:142,0
DA:146,1
LF:76
LH:68
BRDA:58,0,0,3
BRDA:58,0,1,1
BRDA:62,1,0,1
BRDA:62,1,1,3
BRDA:82,2,0,0
BRDA:82,2,1,1
BRDA:87,3,0,0
BRDA:87,3,1,1
BRDA:95,4,0,10
BRDA:95,4,1,8
BRDA:95,5,0,18
BRDA:95,5,1,18
BRDA:101,6,0,8
BRDA:101,6,1,0
BRDA:109,7,0,0
BRDA:109,7,1,1
BRDA:112,8,0,1
BRDA:112,8,1,0
BRDA:122,9,0,0
BRDA:122,9,1,21
BRDA:129,10,0,0
BRDA:129,10,1,0
BRDA:135,11,0,0
BRDA:135,11,1,0
BRDA:141,12,0,0
BRDA:141,12,1,0
BRF:26
BRH:14
end_of_record
TN:
SF:/Users/fernando.miras/Documents/designsystem-core/src/lib/src/components/dialog/dialog.module.ts
FN:33,(anonymous_2)
FN:34,NGZDialogModule
FN:35,(anonymous_4)
FNF:3
FNH:2
FNDA:1,(anonymous_2)
FNDA:11,NGZDialogModule
FNDA:0,(anonymous_4)
DA:33,1
DA:35,1
DA:36,0
DA:45,1
LF:4
LH:3
BRF:0
BRH:0
end_of_record
TN:
SF:/Users/fernando.miras/Documents/designsystem-core/src/lib/src/components/dialog/services/dialog.service.ts
FN:8,(anonymous_2)
FN:10,NGZDialogService
FN:12,(anonymous_4)
FN:21,(anonymous_5)
FNF:4
FNH:4
FNDA:1,(anonymous_2)
FNDA:11,NGZDialogService
FNDA:13,(anonymous_4)
FNDA:1,(anonymous_5)
DA:8,1
DA:10,11
DA:12,1
DA:13,13
DA:21,1
DA:22,1
DA:24,1
DA:42,1
LF:8
LH:8
BRF:0
BRH:0
end_of_record
TN:
SF:/Users/fernando.miras/Documents/designsystem-core/src/lib/src/components/list/list.component.ts
FN:19,(anonymous_2)
FN:35,NGZListComponent
FN:37,(anonymous_4)
FN:82,(anonymous_5)
FNF:4
FNH:3
FNDA:1,(anonymous_2)
FNDA:6,NGZListComponent
FNDA:6,(anonymous_4)
FNDA:0,(anonymous_5)
DA:19,1
DA:20,1
DA:21,1
DA:22,6
DA:23,6
DA:24,6
DA:25,1
DA:26,6
DA:28,6
DA:29,6
DA:30,6
DA:31,6
DA:32,6
DA:33,6
DA:35,6
DA:37,1
DA:38,6
DA:39,6
DA:40,2
DA:43,6
DA:44,6
DA:45,4
DA:48,6
DA:49,6
DA:50,6
DA:51,6
DA:52,2
DA:56,6
DA:57,6
DA:58,6
DA:59,6
DA:60,4
DA:64,6
DA:65,6
DA:66,4
DA:69,6
DA:70,6
DA:71,4
DA:74,6
DA:75,6
DA:76,2
DA:79,6
DA:82,1
DA:83,0
DA:85,1
LF:45
LH:44
BRDA:39,0,0,2
BRDA:39,0,1,4
BRDA:44,1,0,4
BRDA:44,1,1,2
BRDA:49,2,0,6
BRDA:49,2,1,0
BRDA:51,3,0,2
BRDA:51,3,1,4
BRDA:57,4,0,6
BRDA:57,4,1,0
BRDA:59,5,0,4
BRDA:59,5,1,2
BRDA:65,6,0,4
BRDA:65,6,1,2
BRDA:70,7,0,4
BRDA:70,7,1,2
BRDA:75,8,0,2
BRDA:75,8,1,4
BRF:18
BRH:16
end_of_record
TN:
SF:/Users/fernando.miras/Documents/designsystem-core/src/lib/src/components/loading/loading.component.ts
FN:17,(anonymous_2)
FN:12,NGZLoadingComponent
FN:20,(anonymous_4)
FNF:3
FNH:3
FNDA:1,(anonymous_2)
FNDA:12,NGZLoadingComponent
FNDA:10,(anonymous_4)
DA:3,1
DA:8,1
DA:9,1
DA:10,1
DA:17,1
DA:18,12
DA:20,2
DA:21,10
DA:23,12
DA:24,12
DA:25,1
LF:11
LH:11
BRDA:21,0,0,10
BRDA:21,0,1,1
BRF:2
BRH:2
end_of_record
TN:
SF:/Users/fernando.miras/Documents/designsystem-core/src/lib/src/components/loading/loading.module.ts
FN:19,(anonymous_2)
FN:20,NGZLoadingModule
FN:21,(anonymous_4)
FNF:3
FNH:2
FNDA:1,(anonymous_2)
FNDA:36,NGZLoadingModule
FNDA:0,(anonymous_4)
DA:19,1
DA:21,1
DA:22,0
DA:26,1
LF:4
LH:3
BRF:0
BRH:0
end_of_record
TN:
SF:/Users/fernando.miras/Documents/designsystem-core/src/lib/src/components/message/message.component.ts
FN:9,(anonymous_2)
FN:37,NGZMessageComponent
FN:12,(anonymous_4)
FN:41,(anonymous_5)
FN:50,(anonymous_6)
FN:54,(anonymous_7)
FNF:6
FNH:6
FNDA:1,(anonymous_2)
FNDA:6,NGZMessageComponent
FNDA:4,(anonymous_4)
FNDA:6,(anonymous_5)
FNDA:6,(anonymous_6)
FNDA:19,(anonymous_7)
DA:9,1
DA:10,6
DA:12,2
DA:14,4
DA:16,1
DA:17,1
DA:20,1
DA:21,1
DA:24,1
DA:25,1
DA:28,1
DA:29,1
DA:33,6
DA:34,6
DA:35,1
DA:37,6
DA:41,1
DA:42,6
DA:44,6
DA:45,0
DA:47,6
DA:50,1
DA:51,6
DA:54,1
DA:55,19
DA:58,1
LF:26
LH:25
BRDA:15,0,0,1
BRDA:15,0,1,1
BRDA:15,0,2,1
BRDA:15,0,3,1
BRDA:44,1,0,0
BRDA:44,1,1,6
BRDA:44,2,0,6
BRDA:44,2,1,6
BRDA:51,3,0,6
BRDA:51,3,1,0
BRDA:55,4,0,18
BRDA:55,4,1,1
BRF:12
BRH:10
end_of_record
TN:
SF:/Users/fernando.miras/Documents/designsystem-core/src/lib/src/components/radiobuttons/index.ts
FNF:0
FNH:0
LF:0
LH:0
BRF:0
BRH:0
end_of_record
TN:
SF:/Users/fernando.miras/Documents/designsystem-core/src/lib/src/components/radiobuttons/radiobuttons.component.ts
FN:14,(anonymous_2)
FN:4,NGZContainerRadiobuttonsComponent
FN:18,(anonymous_4)
FN:20,(anonymous_5)
FN:29,(anonymous_6)
FN:33,(anonymous_7)
FN:36,(anonymous_8)
FN:39,(anonymous_9)
FN:10,(anonymous_10)
FNF:9
FNH:8
FNDA:1,(anonymous_2)
FNDA:7,NGZContainerRadiobuttonsComponent
FNDA:0,(anonymous_4)
FNDA:1,(anonymous_5)
FNDA:1,(anonymous_6)
FNDA:1,(anonymous_7)
FNDA:1,(anonymous_8)
FNDA:2,(anonymous_9)
FNDA:7,(anonymous_10)
DA:10,7
DA:14,1
DA:15,7
DA:16,7
DA:17,7
DA:18,7
DA:20,1
DA:21,1
DA:22,4
DA:25,1
DA:26,1
DA:29,1
DA:30,1
DA:33,1
DA:36,1
DA:39,1
DA:40,2
DA:41,1
DA:44,1
LF:19
LH:19
BRDA:40,0,0,1
BRDA:40,0,1,1
BRF:2
BRH:2
end_of_record
TN:
SF:/Users/fernando.miras/Documents/designsystem-core/src/lib/src/components/radiobuttons/radiobuttons.module.ts
FN:21,(anonymous_2)
FN:22,NGZRadioButtonModule
FN:23,(anonymous_4)
FNF:3
FNH:1
FNDA:1,(anonymous_2)
FNDA:0,NGZRadioButtonModule
FNDA:0,(anonymous_4)
DA:21,1
DA:23,1
DA:24,0
DA:28,1
LF:4
LH:3
BRF:0
BRH:0
end_of_record
TN:
SF:/Users/fernando.miras/Documents/designsystem-core/src/lib/src/components/radiobuttons/radiobutton/radiobutton.component.ts
FN:14,(anonymous_2)
FN:4,NGZRadiobuttonComponent
FN:18,(anonymous_4)
FN:20,(anonymous_5)
FN:28,(anonymous_6)
FN:32,(anonymous_7)
FN:35,(anonymous_8)
FN:38,(anonymous_9)
FN:10,(anonymous_10)
FNF:9
FNH:9
FNDA:1,(anonymous_2)
FNDA:12,NGZRadiobuttonComponent
FNDA:1,(anonymous_4)
FNDA:2,(anonymous_5)
FNDA:1,(anonymous_6)
FNDA:1,(anonymous_7)
FNDA:1,(anonymous_8)
FNDA:2,(anonymous_9)
FNDA:17,(anonymous_10)
DA:10,17
DA:14,1
DA:15,12
DA:16,1
DA:17,12
DA:18,12
DA:20,1
DA:21,2
DA:22,1
DA:23,1
DA:24,1
DA:28,1
DA:29,1
DA:32,1
DA:35,1
DA:38,1
DA:39,2
DA:40,1
DA:43,1
LF:19
LH:19
BRDA:21,0,0,1
BRDA:21,0,1,1
BRDA:39,1,0,1
BRDA:39,1,1,1
BRF:4
BRH:4
end_of_record
TN:
SF:/Users/fernando.miras/Documents/designsystem-core/src/lib/src/components/slider-confirmation/slider-confirmation.component.ts
FN:9,(anonymous_2)
FN:4,NGZSliderConfirmationComponent
FN:21,(anonymous_4)
FN:28,(anonymous_5)
FN:34,(anonymous_6)
FN:38,(anonymous_7)
FN:47,(anonymous_8)
FN:50,(anonymous_9)
FNF:8
FNH:6
FNDA:1,(anonymous_2)
FNDA:8,NGZSliderConfirmationComponent
FNDA:2,(anonymous_4)
FNDA:2,(anonymous_5)
FNDA:3,(anonymous_6)
FNDA:2,(anonymous_7)
FNDA:0,(anonymous_8)
FNDA:0,(anonymous_9)
DA:9,1
DA:11,1
DA:12,8
DA:13,8
DA:15,8
DA:16,8
DA:21,1
DA:22,2
DA:23,1
DA:24,1
DA:28,1
DA:29,2
DA:30,1
DA:34,1
DA:35,3
DA:38,1
DA:39,2
DA:40,2
DA:41,10
DA:43,2
DA:44,2
DA:47,1
DA:48,0
DA:49,0
DA:50,0
DA:51,0
DA:56,1
LF:27
LH:23
BRDA:22,0,0,1
BRDA:22,0,1,1
BRDA:29,1,0,1
BRDA:29,1,1,1
BRDA:29,2,0,2
BRDA:29,2,1,2
BRDA:35,3,0,2
BRDA:35,3,1,1
BRDA:48,4,0,0
BRDA:48,4,1,0
BRF:10
BRH:8
end_of_record
TN:
SF:/Users/fernando.miras/Documents/designsystem-core/src/lib/src/components/slider-control/slider-control.component.ts
FN:23,(anonymous_2)
FN:12,NGZSliderControlComponent
FN:40,(anonymous_4)
FN:44,(anonymous_5)
FN:56,(anonymous_6)
FN:18,(anonymous_7)
FNF:6
FNH:6
FNDA:1,(anonymous_2)
FNDA:4,NGZSliderControlComponent
FNDA:4,(anonymous_4)
FNDA:1,(anonymous_5)
FNDA:2,(anonymous_6)
FNDA:4,(anonymous_7)
DA:18,4
DA:23,1
DA:25,1
DA:26,1
DA:27,1
DA:28,1
DA:29,4
DA:30,1
DA:31,4
DA:33,1
DA:34,1
DA:38,4
DA:40,1
DA:41,4
DA:44,1
DA:45,1
DA:46,1
DA:47,1
DA:48,1
DA:49,1
DA:50,1
DA:52,1
DA:53,1
DA:56,1
DA:57,2
DA:58,1
DA:60,1
DA:63,1
LF:28
LH:28
BRDA:53,0,0,0
BRDA:53,0,1,1
BRDA:53,1,0,0
BRDA:53,1,1,0
BRDA:57,2,0,1
BRDA:57,2,1,1
BRF:6
BRH:3
end_of_record
TN:
SF:/Users/fernando.miras/Documents/designsystem-core/src/lib/src/components/snackbar/snackbar.component.ts
FN:25,(anonymous_2)
FN:45,NGZSnackbarComponent
FN:54,(anonymous_4)
FN:76,(anonymous_5)
FN:80,(anonymous_6)
FN:92,(anonymous_7)
FN:98,(anonymous_8)
FN:102,(anonymous_9)
FN:112,(anonymous_10)
FN:116,(anonymous_11)
FN:123,(anonymous_12)
FNF:11
FNH:11
FNDA:1,(anonymous_2)
FNDA:35,NGZSnackbarComponent
FNDA:4,(anonymous_4)
FNDA:2,(anonymous_5)
FNDA:1,(anonymous_6)
FNDA:28,(anonymous_7)
FNDA:1,(anonymous_8)
FNDA:4,(anonymous_9)
FNDA:6,(anonymous_10)
FNDA:3,(anonymous_11)
FNDA:3,(anonymous_12)
DA:25,1
DA:33,35
DA:34,35
DA:36,35
DA:38,35
DA:41,35
DA:43,1
DA:46,35
DA:47,35
DA:48,35
DA:49,35
DA:50,35
DA:54,1
DA:55,4
DA:56,4
DA:57,4
DA:58,0
DA:60,4
DA:61,4
DA:62,4
DA:65,4
DA:66,4
DA:68,4
DA:69,0
DA:70,0
DA:71,0
DA:76,2
DA:77,2
DA:78,1
DA:80,1
DA:81,1
DA:84,2
DA:86,2
DA:87,0
DA:89,2
DA:92,1
DA:93,28
DA:94,1
DA:98,1
DA:99,1
DA:102,1
DA:103,4
DA:104,4
DA:105,3
DA:106,3
DA:108,1
DA:112,1
DA:113,6
DA:116,1
DA:117,3
DA:118,3
DA:119,3
DA:123,1
DA:124,3
DA:125,3
DA:127,1
LF:56
LH:51
BRDA:57,0,0,0
BRDA:57,0,1,4
BRDA:61,1,0,4
BRDA:61,1,1,0
BRDA:68,2,0,0
BRDA:68,2,1,4
BRDA:68,3,0,4
BRDA:68,3,1,0
BRDA:77,4,0,1
BRDA:77,4,1,1
BRDA:86,5,0,0
BRDA:86,5,1,2
BRDA:86,6,0,2
BRDA:86,6,1,2
BRDA:93,7,0,1
BRDA:93,7,1,27
BRDA:104,8,0,3
BRDA:104,8,1,1
BRDA:104,9,0,4
BRDA:104,9,1,1
BRDA:113,10,0,6
BRDA:113,10,1,0
BRDA:118,11,0,3
BRDA:118,11,1,0
BRF:24
BRH:17
end_of_record
TN:
SF:/Users/fernando.miras/Documents/designsystem-core/src/lib/src/components/snackbar/snackbar.module.ts
FN:27,(anonymous_2)
FN:28,NGZSnackbarModule
FN:29,(anonymous_4)
FNF:3
FNH:2
FNDA:1,(anonymous_2)
FNDA:17,NGZSnackbarModule
FNDA:0,(anonymous_4)
DA:27,1
DA:29,1
DA:30,0
DA:39,1
LF:4
LH:3
BRF:0
BRH:0
end_of_record
TN:
SF:/Users/fernando.miras/Documents/designsystem-core/src/lib/src/components/snackbar/services/snackbar.service.ts
FN:7,(anonymous_2)
FN:9,NGZSnackbarService
FN:11,(anonymous_4)
FN:19,(anonymous_5)
FNF:4
FNH:4
FNDA:1,(anonymous_2)
FNDA:3,NGZSnackbarService
FNDA:2,(anonymous_4)
FNDA:1,(anonymous_5)
DA:7,1
DA:9,3
DA:11,1
DA:12,2
DA:19,1
DA:20,1
DA:22,1
LF:7
LH:7
BRF:0
BRH:0
end_of_record
TN:
SF:/Users/fernando.miras/Documents/designsystem-core/src/lib/src/components/switch/switch.component.ts
FN:23,(anonymous_2)
FN:13,NGZSwitchComponent
FN:44,(anonymous_4)
FN:26,(anonymous_5)
FN:46,(anonymous_6)
FN:54,(anonymous_7)
FN:58,(anonymous_8)
FN:61,(anonymous_9)
FN:64,(anonymous_10)
FN:19,(anonymous_11)
FNF:10
FNH:10
FNDA:1,(anonymous_2)
FNDA:11,NGZSwitchComponent
FNDA:1,(anonymous_4)
FNDA:3,(anonymous_5)
FNDA:2,(anonymous_6)
FNDA:1,(anonymous_7)
FNDA:1,(anonymous_8)
FNDA:1,(anonymous_9)
FNDA:2,(anonymous_10)
FNDA:11,(anonymous_11)
DA:4,1
DA:9,1
DA:10,1
DA:11,1
DA:19,11
DA:23,1
DA:24,11
DA:26,2
DA:27,3
DA:29,1
DA:30,1
DA:33,1
DA:34,1
DA:37,1
DA:41,11
DA:43,11
DA:44,11
DA:46,1
DA:47,2
DA:48,1
DA:49,1
DA:50,1
DA:54,1
DA:55,1
DA:58,1
DA:61,1
DA:64,1
DA:65,2
DA:66,1
DA:70,1
LF:30
LH:30
BRDA:28,0,0,1
BRDA:28,0,1,1
BRDA:28,0,2,1
BRDA:47,1,0,1
BRDA:47,1,1,1
BRDA:65,2,0,1
BRDA:65,2,1,1
BRF:7
BRH:7
end_of_record
TN:
SF:/Users/fernando.miras/Documents/designsystem-core/src/lib/src/components/tabs/tab/tab.component.ts
FN:9,(anonymous_2)
FN:4,NGZTabComponent
FNF:2
FNH:2
FNDA:1,(anonymous_2)
FNDA:7,NGZTabComponent
DA:9,1
DA:10,1
DA:11,7
DA:12,7
DA:13,7
DA:14,1
LF:6
LH:6
BRF:0
BRH:0
end_of_record
TN:
SF:/Users/fernando.miras/Documents/designsystem-core/src/lib/src/components/textfield/textfield.component.ts
FN:31,(anonymous_2)
FN:110,NGZTextfieldComponent
FN:214,(anonymous_4)
FN:57,(anonymous_5)
FN:75,(anonymous_6)
FN:112,(anonymous_7)
FN:115,(anonymous_8)
FN:126,(anonymous_9)
FN:141,(anonymous_10)
FN:158,(anonymous_11)
FN:164,(anonymous_12)
FN:176,(anonymous_13)
FN:183,(anonymous_14)
FN:192,(anonymous_15)
FN:199,(anonymous_16)
FN:217,(anonymous_17)
FN:224,(anonymous_18)
FN:228,(anonymous_19)
FN:231,(anonymous_20)
FN:26,(anonymous_21)
FNF:20
FNH:17
FNDA:1,(anonymous_2)
FNDA:40,NGZTextfieldComponent
FNDA:0,(anonymous_4)
FNDA:6,(anonymous_5)
FNDA:15,(anonymous_6)
FNDA:40,(anonymous_7)
FNDA:0,(anonymous_8)
FNDA:0,(anonymous_9)
FNDA:40,(anonymous_10)
FNDA:2,(anonymous_11)
FNDA:4,(anonymous_12)
FNDA:4,(anonymous_13)
FNDA:5,(anonymous_14)
FNDA:3,(anonymous_15)
FNDA:55,(anonymous_16)
FNDA:1,(anonymous_17)
FNDA:1,(anonymous_18)
FNDA:1,(anonymous_19)
FNDA:1,(anonymous_20)
FNDA:40,(anonymous_21)
DA:9,1
DA:14,1
DA:26,40
DA:31,1
DA:33,1
DA:35,40
DA:36,40
DA:37,40
DA:38,40
DA:39,40
DA:40,40
DA:41,40
DA:42,1
DA:43,1
DA:44,1
DA:45,1
DA:46,1
DA:47,1
DA:48,1
DA:49,40
DA:51,1
DA:57,2
DA:58,6
DA:60,1
DA:61,1
DA:64,1
DA:65,1
DA:68,4
DA:72,40
DA:75,2
DA:76,15
DA:78,6
DA:79,6
DA:82,3
DA:83,3
DA:86,2
DA:87,2
DA:90,4
DA:94,40
DA:96,40
DA:97,40
DA:98,40
DA:99,40
DA:100,40
DA:101,40
DA:102,40
DA:107,40
DA:110,40
DA:112,40
DA:113,40
DA:115,40
DA:116,0
DA:117,0
DA:118,0
DA:119,0
DA:121,0
DA:122,0
DA:126,40
DA:127,0
DA:128,0
DA:129,0
DA:130,0
DA:133,0
DA:134,0
DA:135,0
DA:136,0
DA:141,1
DA:142,40
DA:143,40
DA:144,40
DA:145,0
DA:148,40
DA:149,0
DA:152,40
DA:153,40
DA:154,0
DA:158,1
DA:159,2
DA:160,2
DA:161,2
DA:164,1
DA:165,4
DA:166,2
DA:167,2
DA:170,4
DA:171,4
DA:172,4
DA:176,1
DA:177,4
DA:178,4
DA:179,4
DA:183,1
DA:184,5
DA:185,5
DA:186,5
DA:187,5
DA:188,1
DA:192,1
DA:193,3
DA:194,1
DA:195,1
DA:199,1
DA:200,55
DA:201,40
DA:203,55
DA:204,54
DA:208,1
DA:214,40
DA:217,1
DA:218,1
DA:219,0
DA:220,0
DA:224,1
DA:225,1
DA:228,1
DA:231,1
DA:234,1
LF:117
LH:98
BRDA:59,0,0,1
BRDA:59,0,1,1
BRDA:59,0,2,4
BRDA:77,1,0,6
BRDA:77,1,1,3
BRDA:77,1,2,2
BRDA:77,1,3,4
BRDA:116,2,0,0
BRDA:116,2,1,0
BRDA:121,3,0,0
BRDA:121,3,1,0
BRDA:121,4,0,0
BRDA:121,4,1,0
BRDA:127,5,0,0
BRDA:127,5,1,0
BRDA:133,6,0,0
BRDA:133,6,1,0
BRDA:144,7,0,0
BRDA:144,7,1,40
BRDA:148,8,0,0
BRDA:148,8,1,40
BRDA:153,9,0,0
BRDA:153,9,1,40
BRDA:165,10,0,2
BRDA:165,10,1,2
BRDA:170,11,0,4
BRDA:170,11,1,0
BRDA:170,12,0,4
BRDA:170,12,1,2
BRDA:178,13,0,4
BRDA:178,13,1,0
BRDA:178,14,0,4
BRDA:178,14,1,4
BRDA:187,15,0,1
BRDA:187,15,1,4
BRDA:187,16,0,5
BRDA:187,16,1,1
BRDA:193,17,0,1
BRDA:193,17,1,2
BRDA:193,18,0,3
BRDA:193,18,1,3
BRDA:200,19,0,40
BRDA:200,19,1,15
BRDA:203,20,0,54
BRDA:203,20,1,1
BRDA:205,21,0,14
BRDA:205,21,1,40
BRDA:209,22,0,1
BRDA:209,22,1,0
BRDA:218,23,0,0
BRDA:218,23,1,1
BRF:51
BRH:34
end_of_record
TN:
SF:/Users/fernando.miras/Documents/designsystem-core/src/lib/src/utils/index.ts
FNF:0
FNH:0
LF:0
LH:0
BRF:0
BRH:0
end_of_record
TN:
SF:/Users/fernando.miras/Documents/designsystem-core/src/lib/src/utils/utils.module.ts
FN:23,(anonymous_2)
FN:24,ZUtilsModule
FN:25,(anonymous_4)
FNF:3
FNH:2
FNDA:1,(anonymous_2)
FNDA:135,ZUtilsModule
FNDA:0,(anonymous_4)
DA:23,1
DA:25,1
DA:26,0
DA:30,1
LF:4
LH:3
BRF:0
BRH:0
end_of_record
TN:
SF:/Users/fernando.miras/Documents/designsystem-core/src/lib/src/utils/directives/directives.module.ts
FN:29,(anonymous_2)
FN:30,ZDirectiveModule
FN:31,(anonymous_4)
FNF:3
FNH:2
FNDA:1,(anonymous_2)
FNDA:135,ZDirectiveModule
FNDA:0,(anonymous_4)
DA:12,1
DA:29,1
DA:31,1
DA:32,0
DA:36,1
LF:5
LH:4
BRF:0
BRH:0
end_of_record
TN:
SF:/Users/fernando.miras/Documents/designsystem-core/src/lib/src/utils/directives/index.ts
FNF:0
FNH:0
LF:0
LH:0
BRF:0
BRH:0
end_of_record
TN:
SF:/Users/fernando.miras/Documents/designsystem-core/src/lib/src/utils/directives/error-feedback/error-feedback.directive.ts
FN:9,(anonymous_2)
FN:16,ZErrorFeedbackDirective
FN:19,(anonymous_4)
FN:23,(anonymous_5)
FNF:4
FNH:4
FNDA:1,(anonymous_2)
FNDA:2,ZErrorFeedbackDirective
FNDA:3,(anonymous_4)
FNDA:4,(anonymous_5)
DA:9,1
DA:11,2
DA:13,2
DA:14,2
DA:16,2
DA:19,3
DA:20,3
DA:24,4
DA:27,1
LF:9
LH:9
BRDA:24,0,0,4
BRDA:24,0,1,3
BRF:2
BRH:2
end_of_record
TN:
SF:/Users/fernando.miras/Documents/designsystem-core/src/lib/src/utils/directives/hover/hover.directive.ts
FN:7,(anonymous_2)
FN:17,ZHoverDirective
FN:21,(anonymous_4)
FN:25,(anonymous_5)
FN:30,(anonymous_6)
FN:38,(anonymous_7)
FN:46,(anonymous_8)
FNF:7
FNH:7
FNDA:1,(anonymous_2)
FNDA:4,ZHoverDirective
FNDA:4,(anonymous_4)
FNDA:6,(anonymous_5)
FNDA:2,(anonymous_6)
FNDA:2,(anonymous_7)
FNDA:6,(anonymous_8)
DA:7,1
DA:9,4
DA:10,4
DA:11,4
DA:12,4
DA:13,4
DA:17,4
DA:18,4
DA:21,1
DA:22,4
DA:25,1
DA:26,6
DA:27,6
DA:30,2
DA:31,2
DA:32,3
DA:33,3
DA:38,2
DA:39,2
DA:40,3
DA:41,3
DA:46,1
DA:47,6
DA:49,1
LF:24
LH:24
BRDA:31,0,0,1
BRDA:31,0,1,1
BRDA:31,1,0,2
BRDA:31,1,1,1
BRDA:31,1,2,1
BRDA:39,2,0,1
BRDA:39,2,1,1
BRDA:39,3,0,2
BRDA:39,3,1,1
BRDA:39,3,2,1
BRF:10
BRH:10
end_of_record
TN:
SF:/Users/fernando.miras/Documents/designsystem-core/src/lib/src/utils/directives/outerclick/outerclick.directive.ts
FN:6,(anonymous_2)
FN:13,ZOuterClickDirective
FN:18,(anonymous_4)
FNF:3
FNH:3
FNDA:1,(anonymous_2)
FNDA:53,ZOuterClickDirective
FNDA:24,(anonymous_4)
DA:6,1
DA:9,53
DA:11,53
DA:13,53
DA:18,1
DA:19,24
DA:20,24
DA:21,24
DA:22,23
DA:26,1
LF:10
LH:10
BRDA:19,0,0,24
BRDA:19,0,1,0
BRDA:21,1,0,23
BRDA:21,1,1,1
BRF:4
BRH:3
end_of_record
TN:
SF:/Users/fernando.miras/Documents/designsystem-core/src/lib/src/utils/enums/colors.enum.ts
FN:1,(anonymous_0)
FNF:1
FNH:1
FNDA:1,(anonymous_0)
DA:1,1
DA:2,1
DA:3,1
DA:4,1
DA:5,1
DA:6,1
DA:7,1
DA:8,1
DA:10,1
DA:11,1
DA:12,1
DA:13,1
DA:14,1
DA:15,1
DA:16,1
DA:17,1
DA:18,1
DA:20,1
DA:21,1
DA:22,1
DA:23,1
DA:24,1
DA:25,1
DA:26,1
DA:28,1
DA:29,1
DA:30,1
DA:31,1
DA:32,1
DA:33,1
DA:34,1
DA:36,1
DA:37,1
DA:38,1
DA:39,1
DA:40,1
DA:41,1
DA:42,1
DA:44,1
DA:45,1
DA:46,1
DA:47,1
DA:48,1
DA:49,1
DA:50,1
LF:45
LH:45
BRDA:1,0,0,1
BRDA:1,0,1,1
BRF:2
BRH:2
end_of_record
TN:
SF:/Users/fernando.miras/Documents/designsystem-core/src/lib/src/utils/enums/index.ts
FNF:0
FNH:0
LF:0
LH:0
BRF:0
BRH:0
end_of_record
TN:
SF:/Users/fernando.miras/Documents/designsystem-core/src/lib/src/utils/forms/forms.module.ts
FN:12,formErrorMessages
FN:16,formCustomValidators
FN:41,(anonymous_3)
FN:42,(anonymous_5)
FNF:4
FNH:2
FNDA:0,formErrorMessages
FNDA:0,formCustomValidators
FNDA:136,(anonymous_3)
FNDA:1,(anonymous_5)
DA:9,1
DA:10,1
DA:13,0
DA:17,0
DA:41,1
DA:42,1
DA:43,1
DA:51,1
LF:8
LH:6
BRF:0
BRH:0
end_of_record
TN:
SF:/Users/fernando.miras/Documents/designsystem-core/src/lib/src/utils/forms/index.ts
FNF:0
FNH:0
LF:0
LH:0
BRF:0
BRH:0
end_of_record
TN:
SF:/Users/fernando.miras/Documents/designsystem-core/src/lib/src/utils/forms/custom-validators/custom-validators.ts
FN:17,isEmpty
FN:22,(anonymous_3)
FN:24,(anonymous_5)
FN:33,(anonymous_6)
FN:40,(anonymous_7)
FN:47,(anonymous_8)
FN:54,(anonymous_9)
FN:56,(anonymous_10)
FN:76,(anonymous_11)
FN:78,(anonymous_12)
FN:90,(anonymous_13)
FN:91,(anonymous_14)
FN:112,(anonymous_15)
FN:113,(anonymous_16)
FN:129,(anonymous_17)
FN:130,(anonymous_18)
FN:146,(anonymous_19)
FN:154,(anonymous_20)
FN:161,(anonymous_21)
FN:168,(anonymous_22)
FN:175,(anonymous_23)
FN:182,(anonymous_24)
FN:190,(anonymous_25)
FN:191,(anonymous_27)
FNF:24
FNH:19
FNDA:44,isEmpty
FNDA:1,(anonymous_3)
FNDA:3,(anonymous_5)
FNDA:20,(anonymous_6)
FNDA:2,(anonymous_7)
FNDA:2,(anonymous_8)
FNDA:4,(anonymous_9)
FNDA:4,(anonymous_10)
FNDA:0,(anonymous_11)
FNDA:0,(anonymous_12)
FNDA:4,(anonymous_13)
FNDA:4,(anonymous_14)
FNDA:2,(anonymous_15)
FNDA:2,(anonymous_16)
FNDA:2,(anonymous_17)
FNDA:2,(anonymous_18)
FNDA:2,(anonymous_19)
FNDA:3,(anonymous_20)
FNDA:2,(anonymous_21)
FNDA:0,(anonymous_22)
FNDA:0,(anonymous_23)
FNDA:0,(anonymous_24)
FNDA:1,(anonymous_25)
FNDA:9,(anonymous_27)
DA:4,1
DA:5,1
DA:6,1
DA:7,1
DA:10,1
DA:13,1
DA:15,1
DA:18,44
DA:22,1
DA:24,1
DA:25,3
DA:26,1
DA:28,2
DA:29,2
DA:30,2
DA:33,1
DA:34,20
DA:35,3
DA:37,17
DA:40,1
DA:41,2
DA:42,0
DA:44,2
DA:47,1
DA:48,2
DA:49,0
DA:51,2
DA:54,1
DA:56,4
DA:57,4
DA:59,4
DA:60,1
DA:63,3
DA:64,1
DA:67,2
DA:69,2
DA:73,4
DA:76,1
DA:78,0
DA:80,0
DA:81,0
DA:83,0
DA:85,0
DA:87,0
DA:90,1
DA:91,4
DA:93,4
DA:95,4
DA:96,1
DA:99,3
DA:100,1
DA:103,2
DA:105,2
DA:109,4
DA:112,1
DA:113,2
DA:115,2
DA:116,0
DA:119,2
DA:121,2
DA:126,2
DA:129,1
DA:130,2
DA:132,2
DA:133,0
DA:136,2
DA:138,2
DA:143,2
DA:146,1
DA:147,2
DA:148,0
DA:150,2
DA:154,1
DA:155,3
DA:156,1
DA:158,2
DA:161,1
DA:162,2
DA:163,1
DA:165,1
DA:168,1
DA:169,0
DA:170,0
DA:172,0
DA:175,1
DA:176,0
DA:177,0
DA:179,0
DA:182,1
DA:183,0
DA:184,0
DA:186,0
DA:188,1
DA:190,1
DA:191,1
DA:192,9
DA:211,9
DA:213,1
LF:98
LH:78
BRDA:18,0,0,44
BRDA:18,0,1,44
BRDA:25,1,0,1
BRDA:25,1,1,2
BRDA:30,2,0,1
BRDA:30,2,1,1
BRDA:30,3,0,2
BRDA:30,3,1,1
BRDA:34,4,0,3
BRDA:34,4,1,17
BRDA:37,5,0,8
BRDA:37,5,1,9
BRDA:41,6,0,0
BRDA:41,6,1,2
BRDA:44,7,0,1
BRDA:44,7,1,1
BRDA:48,8,0,0
BRDA:48,8,1,2
BRDA:51,9,0,1
BRDA:51,9,1,1
BRDA:59,10,0,1
BRDA:59,10,1,3
BRDA:63,11,0,1
BRDA:63,11,1,2
BRDA:70,12,0,1
BRDA:70,12,1,1
BRDA:69,13,0,2
BRDA:69,13,1,2
BRDA:80,14,0,0
BRDA:80,14,1,0
BRDA:85,15,0,0
BRDA:85,15,1,0
BRDA:95,16,0,1
BRDA:95,16,1,3
BRDA:99,17,0,1
BRDA:99,17,1,2
BRDA:106,18,0,1
BRDA:106,18,1,1
BRDA:105,19,0,2
BRDA:105,19,1,2
BRDA:115,20,0,0
BRDA:115,20,1,2
BRDA:122,21,0,1
BRDA:122,21,1,1
BRDA:132,22,0,0
BRDA:132,22,1,2
BRDA:139,23,0,1
BRDA:139,23,1,1
BRDA:147,24,0,0
BRDA:147,24,1,2
BRDA:150,25,0,2
BRDA:150,25,1,0
BRDA:155,26,0,1
BRDA:155,26,1,2
BRDA:158,27,0,0
BRDA:158,27,1,2
BRDA:162,28,0,1
BRDA:162,28,1,1
BRDA:165,29,0,0
BRDA:165,29,1,1
BRDA:169,30,0,0
BRDA:169,30,1,0
BRDA:172,31,0,0
BRDA:172,31,1,0
BRDA:176,32,0,0
BRDA:176,32,1,0
BRDA:183,33,0,0
BRDA:183,33,1,0
BRDA:204,34,0,0
BRDA:204,34,1,9
BRDA:204,35,0,9
BRDA:204,35,1,9
BRF:72
BRH:51
end_of_record
TN:
SF:/Users/fernando.miras/Documents/designsystem-core/src/lib/src/utils/pipes/date.pipes.ts
FN:6,(anonymous_1)
FN:7,(anonymous_3)
FNF:2
FNH:2
FNDA:2,(anonymous_1)
FNDA:2,(anonymous_3)
DA:6,1
DA:7,1
DA:8,2
DA:9,1
DA:11,1
DA:13,1
LF:6
LH:6
BRDA:8,0,0,1
BRDA:8,0,1,1
BRDA:8,1,0,2
BRDA:8,1,1,1
BRF:4
BRH:4
end_of_record
TN:
SF:/Users/fernando.miras/Documents/designsystem-core/src/lib/src/utils/pipes/index.ts
FNF:0
FNH:0
LF:0
LH:0
BRF:0
BRH:0
end_of_record
TN:
SF:/Users/fernando.miras/Documents/designsystem-core/src/lib/src/utils/pipes/iterate-keys.pipes.ts
FN:6,(anonymous_1)
FN:7,(anonymous_3)
FNF:2
FNH:2
FNDA:2,(anonymous_1)
FNDA:2,(anonymous_3)
DA:6,1
DA:7,1
DA:8,2
DA:10,1
LF:4
LH:4
BRDA:8,0,0,1
BRDA:8,0,1,1
BRF:2
BRH:2
end_of_record
TN:
SF:/Users/fernando.miras/Documents/designsystem-core/src/lib/src/utils/services/index.ts
FNF:0
FNH:0
LF:0
LH:0
BRF:0
BRH:0
end_of_record
TN:
SF:/Users/fernando.miras/Documents/designsystem-core/src/lib/src/utils/services/services.module.ts
FN:12,(anonymous_2)
FN:13,ZServicesModule
FN:14,(anonymous_4)
FNF:3
FNH:3
FNDA:1,(anonymous_2)
FNDA:135,ZServicesModule
FNDA:1,(anonymous_4)
DA:12,1
DA:14,1
DA:15,1
DA:19,1
LF:4
LH:4
BRF:0
BRH:0
end_of_record
TN:
SF:/Users/fernando.miras/Documents/designsystem-core/src/lib/src/utils/services/modal/modal-dialog-instance.service.ts
FN:3,(anonymous_0)
FN:6,(anonymous_2)
FN:12,(anonymous_3)
FN:15,(anonymous_4)
FNF:4
FNH:4
FNDA:59,(anonymous_0)
FNDA:38,(anonymous_2)
FNDA:38,(anonymous_3)
FNDA:31,(anonymous_4)
DA:3,1
DA:4,58
DA:6,1
DA:7,38
DA:8,6
DA:12,38
DA:13,38
DA:15,38
DA:16,31
DA:19,1
LF:10
LH:10
BRF:0
BRH:0
end_of_record
TN:
SF:/Users/fernando.miras/Documents/designsystem-core/src/lib/src/utils/services/modal/modal-dialog.service.ts
FN:15,(anonymous_4)
FN:19,NGZModalDialogService
FN:27,(anonymous_6)
FN:63,(anonymous_7)
FNF:4
FNH:4
FNDA:1,(anonymous_4)
FNDA:58,NGZModalDialogService
FNDA:38,(anonymous_6)
FNDA:27,(anonymous_7)
DA:15,1
DA:20,58
DA:21,58
DA:22,58
DA:23,58
DA:24,58
DA:27,1
DA:28,38
DA:29,38
DA:32,38
DA:33,38
DA:35,38
DA:36,38
DA:37,38
DA:38,38
DA:39,38
DA:41,38
DA:42,17
DA:43,17
DA:44,17
DA:45,17
DA:46,17
DA:47,17
DA:48,17
DA:49,17
DA:50,17
DA:51,17
DA:52,17
DA:53,17
DA:54,17
DA:57,38
DA:58,38
DA:59,38
DA:60,38
DA:63,1
DA:64,27
DA:65,25
DA:66,14
DA:68,25
DA:69,25
DA:70,25
DA:73,1
LF:42
LH:42
BRDA:28,0,0,38
BRDA:28,0,1,0
BRDA:41,1,0,17
BRDA:41,1,1,21
BRDA:64,2,0,25
BRDA:64,2,1,2
BRDA:65,3,0,14
BRDA:65,3,1,11
BRF:8
BRH:7
end_of_record
TN:
SF:/Users/fernando.miras/Documents/designsystem-core/src/lib/src/utils/services/modal/models/dialog-inject.model.ts
FN:3,(anonymous_0)
FN:4,DialogInjector
FN:8,(anonymous_2)
FNF:3
FNH:3
FNDA:1,(anonymous_0)
FNDA:38,DialogInjector
FNDA:467,(anonymous_2)
DA:3,1
DA:4,38
DA:8,1
DA:9,467
DA:11,467
DA:13,467
DA:15,1
LF:7
LH:7
BRDA:11,0,0,0
BRDA:11,0,1,467
BRF:2
BRH:1
end_of_record
TN:
SF:/Users/fernando.miras/Documents/designsystem-core/src/lib/src/utils/services/modal/models/modal-dialog.interface.ts
FN:12,(anonymous_0)
FNF:1
FNH:1
FNDA:1,(anonymous_0)
DA:12,1
DA:19,1
LF:2
LH:2
BRF:0
BRH:0
end_of_record
TN:
SF:/Users/fernando.miras/Documents/designsystem-core/src/lib/src/utils/services/navigator/navigator.service.ts
FN:6,(anonymous_2)
FN:7,NavigatorService
FN:9,(anonymous_4)
FNF:3
FNH:3
FNDA:1,(anonymous_2)
FNDA:2,NavigatorService
FNDA:2,(anonymous_4)
DA:6,1
DA:7,2
DA:9,1
DA:10,2
DA:12,2
DA:14,2
DA:15,2
DA:16,1
DA:18,2
DA:20,1
LF:10
LH:10
BRDA:15,0,0,1
BRDA:15,0,1,1
BRDA:15,1,0,2
BRDA:15,1,1,2
BRF:4
BRH:4
end_of_record
TN:
SF:/Users/fernando.miras/Documents/designsystem-core/src/lib/src/utils/services/window/window.service.ts
FN:5,(anonymous_4)
FN:7,WindowService
FN:11,(anonymous_6)
FN:18,(anonymous_7)
FNF:4
FNH:3
FNDA:1,(anonymous_4)
FNDA:125,WindowService
FNDA:0,(anonymous_6)
FNDA:240,(anonymous_7)
DA:5,1
DA:8,125
DA:9,2
DA:11,0
DA:14,123
DA:18,1
DA:19,240
DA:21,1
LF:8
LH:7
BRDA:8,0,0,2
BRDA:8,0,1,123
BRF:2
BRH:2
end_of_record
TN:
SF:/Users/fernando.miras/Documents/designsystem-core/src/lib/src/utils/util/parser/parser.ts
FN:1,(anonymous_0)
FN:5,(anonymous_2)
FN:12,(anonymous_3)
FN:16,(anonymous_4)
FN:20,(anonymous_5)
FN:24,(anonymous_6)
FN:28,(anonymous_7)
FN:32,(anonymous_8)
FN:39,(anonymous_9)
FN:56,(anonymous_10)
FNF:10
FNH:10
FNDA:1,(anonymous_0)
FNDA:2,(anonymous_2)
FNDA:1,(anonymous_3)
FNDA:1,(anonymous_4)
FNDA:1,(anonymous_5)
FNDA:1,(anonymous_6)
FNDA:1,(anonymous_7)
FNDA:2,(anonymous_8)
FNDA:2,(anonymous_9)
FNDA:2,(anonymous_10)
DA:1,1
DA:3,1
DA:5,1
DA:6,2
DA:7,1
DA:9,1
DA:12,1
DA:13,1
DA:16,1
DA:17,1
DA:20,1
DA:21,1
DA:24,1
DA:25,1
DA:28,1
DA:29,1
DA:32,1
DA:34,2
DA:35,1
DA:36,1
DA:37,1
DA:38,1
DA:39,1
DA:40,2
DA:41,2
DA:44,1
DA:46,1
DA:47,1
DA:49,1
DA:50,1
DA:51,1
DA:56,1
DA:57,2
DA:59,1
LF:34
LH:34
BRDA:6,0,0,1
BRDA:6,0,1,1
BRDA:6,1,0,2
BRDA:6,1,1,1
BRDA:6,1,2,1
BRDA:34,2,0,1
BRDA:34,2,1,1
BRDA:38,3,0,0
BRDA:38,3,1,1
BRDA:41,4,0,2
BRDA:41,4,1,0
BRDA:46,5,0,1
BRDA:46,5,1,0
BRDA:50,6,0,1
BRDA:50,6,1,0
BRDA:57,7,0,2
BRDA:57,7,1,2
BRDA:57,7,2,2
BRF:18
BRH:14
end_of_record
